Guardian (14/01/2026 às 16h 37min)
____________________________________________________________________________________________________________________________________

Resumo da Manutenção Automatizada

- Coleta do Inventário de Hardware e Software                                            -> OK (Tempo: 00 min 00 seg)
- Verificação do Registro e dos arquivos do Windows                                      -> OK (Tempo: 00 min 00 seg)
- Otimização das configurações de energia                                                -> OK (Tempo: 00 min 00 seg)
- Otimização das configurações de rede (apenas DNS)                                      -> OK (Tempo: 00 min 00 seg)
- Limpeza do cache dos navegadores                                                       -> OK (Tempo: 00 min 00 seg)
- Limpeza do cache do Windows Update                                                     -> OK (Tempo: 00 min 00 seg)
- Limpeza das pastas temporárias                                                         -> OK (Tempo: 00 min 00 seg)
- Limpeza de todas as lixeiras                                                           -> OK (Tempo: 00 min 00 seg)
- Limpeza do histórico de arquivos recentes                                              -> OK (Tempo: 00 min 00 seg)
- Atualização do Windows                                                                 -> OK (Tempo: 00 min 00 seg)
- Atualização da Loja da Microsoft                                                       -> OK (Tempo: 00 min 00 seg)
- Atualização dos programas instalados via Winget                                        -> OK (Tempo: 00 min 00 seg)
- Limpeza dos arquivos temporários dos componentes do Windows                            -> OK (Tempo: 00 min 00 seg)
- Otimização de todos os SSDs disponíveis                                                -> OK (Tempo: 00 min 00 seg)
- Desfragmentação de todos os discos físicos disponíveis                                 -> OK (Tempo: 00 min 00 seg)
- Varredura contra malwares com Windows Defender                                         -> OK (Tempo: 00 min 00 seg)
- Verificação e centralização do log no Servidor de Arquivos (opcional com -FileServer)  -> OK (Tempo: 00 min 00 seg)


Macrium Reflect
[INFO] Imagem mais recente: 02/01/2026 19:51
[INFO] O último arquivo tem aproximadamente 12 dias.

Duração total da execução do script de manutenção automatizada: 00 min 01 seg

Arquivo de log: C:\Guardian\Logs\2026\01. Janeiro\IT4YOU-PC06_20260114_163737.log
