Guardian (14/01/2026 às 15h 58min)
____________________________________________________________________________________________________________________________________

Nome do Computador     : IT4YOU-PC06
Usuário Logado         : Administrador [IT4YOU-PC06\Administrador]
Login ID (Técnico)     : IT4YOU-PC06\Administrador
Sistema Operacional    : Microsoft Windows 11 Pro
Processador (CPU)      : Intel(R) Core(TM) i7-4790 CPU @ 3.60GHz
Placa-Mãe              : ASUSTeK COMPUTER INC. B85M-E/BR
Fabricante e Modelo PC : ASUS All Series
Serial Number          : 140723499309905
Memória RAM Total      : 32 GB
Placas de Vídeo        : Intel(R) HD Graphics 4600
Armazenamento          : Samsung SSD 870 EVO 500GB -> Status: Saudável
                         KINGSTON SV300S37A120G -> Status: Saudável
Partições              : C: (Sistema) com 110.84 GB (51.83% livres)
                         D: (Documentos) com 465.76 GB (64.9% livres)
Endereço IP            : 192.168.0.142
Endereço MAC           : 10:C3:7B:C4:6D:D4
Softwares Instalados   : 7-Zip 25.01 (x64)
                         Advanced IP Scanner 2.5.1
                         Bitvise SSH Client 9.56 (remove only)
                         CrystalDiskInfo 9.7.2
                         Git
                         GoodSync
                         Google Chrome
                         Intel(R) Processor Graphics
                         Java 8 Update 471 (64-bit)
                         Macrium Reflect Free
                         Microsoft 365 - pt-br
                         Microsoft Edge
                         Microsoft OneDrive
                         Microsoft Teams Meeting Add-in for Microsoft Office
                         ModuloAssinador versão 1.0.5
                         Navegador C6 Bank
                         Notepad++ (64-bit x64)
                         OpenVPN Connect
                         PDF24 Creator 11.29.0
                         PDFtk Server version 2.02
                         PowerShell 7-x64
                         Realtek High Definition Audio Driver
                         TeamViewer 13
                         VLC media player
                         WinFsp installed by Bitvise SSH Client (remove only)


