Início da execução Guardian 360 (20260112_063046)
====================================================================================================================================

Resumo da Manutenção Automatizada

- Coleta do Inventário de Hardware e Software                      -> OK (Tempo: 00 min 00 seg)
- Verificação do Registro e dos arquivos do Windows                -> OK (Tempo: 00 min 00 seg)
- Otimização das configurações de energia                          -> OK (Tempo: 00 min 00 seg)
- Otimização das configurações de rede (apenas DNS)                -> OK (Tempo: 00 min 00 seg)
- Limpeza do cache dos navegadores                                 -> OK (Tempo: 00 min 00 seg)
- Limpeza de todas as lixeiras                                     -> OK (Tempo: 00 min 00 seg)
- Limpeza das pastas temporárias                                   -> OK (Tempo: 00 min 00 seg)
- Limpeza do cache do Windows Update                               -> OK (Tempo: 00 min 00 seg)
- Limpeza do histórico de arquivos recentes                        -> OK (Tempo: 00 min 00 seg)
- Limpeza dos arquivos temporários dos componentes do Windows      -> OK (Tempo: 00 min 00 seg)
- Otimização de todos os SSDs disponíveis                          -> OK (Tempo: 00 min 00 seg)
- Desfragmentação de todos os discos físicos disponíveis           -> OK (Tempo: 00 min 00 seg)
- Varredura contra malwares com Windows Defender                   -> OK (Tempo: 00 min 00 seg)
- Validação dos arquivos de backup do Macrium Reflect              -> OK (Tempo: 00 min 00 seg)
- Verificação da existência de Servidor de Arquivos na rede local  -> OK (Tempo: 00 min 00 seg)

Arquivo de log: D:\Meus Documentos\OneDrive\Documentos\GitHub\Guardian360\Logs\2026\01. JANEIRO\IT4YOU-PC06_20260112_063046.log

====================================================================================================================================
