Início da execução Guardian 360 (20260112_071334)

Nome do Computador     : IT4YOU-PC06
Usuário Logado         : Vicente Scabora Boix Caro (vicente.scabora.boix.caro@outlook.com)
Login ID (Técnico)     : IT4YOU-PC06\vicen
Sistema Operacional    : Microsoft Windows 11 Pro
Processador (CPU)      : Intel(R) Core(TM) i7-4790 CPU @ 3.60GHz
Placa-Mãe              : ASUSTeK COMPUTER INC. B85M-E/BR
Fabricante e Modelo PC : ASUS All Series
Serial Number          : 140723499309905
Memória RAM Total      : 32 GB
Placas de Vídeo        : Intel(R) HD Graphics 4600
Armazenamento          : Samsung SSD 870 EVO 500GB -> Status: Saudável
                         KINGSTON SV300S37A120G -> Status: Saudável
Partições              : C: (Sistema) com 110.84 GB (24.19% livres)
                         D: (Documentos) com 465.76 GB (65.73% livres)
Endereço IP            : 192.168.0.142
Endereço MAC           : 10:C3:7B:C4:6D:D4
Softwares Instalados   : 7-Zip 25.01 (x64)
                         Academia Lendária
                         Adapta ONE 26
                         Advanced IP Scanner 2.5.1
                         Assistente Certificado Digital AC Consulti Produção
                         Big Black Friday Infinita | Hotmart Club
                         Bitvise SSH Client 9.55 (remove only)
                         Comunidade Lendária
                         CrystalDiskInfo 9.7.2
                         Discord
                         Dólar Vitalício
                         Financial Move
                         Formação do Zero à Importador
                         Git
                         GitHub Desktop
                         GoodSync
                         Google Chrome
                         Hotmart
                         Intel(R) Processor Graphics
                         Java 8 Update 471 (64-bit)
                         Macrium Reflect Free
                         MDA
                         Microsoft 365 - pt-br
                         Microsoft Edge
                         Microsoft OneDrive
                         Microsoft Teams classic
                         Microsoft Teams Meeting Add-in for Microsoft Office
                         Microsoft Visual C++ 2015-2022 Redistributable (x64) - 14.44.35211
                         Microsoft Visual C++ 2015-2022 Redistributable (x86) - 14.44.35211
                         Microsoft Visual Studio Code
                         Microsoft Visual Studio Code (User)
                         ModuloAssinador versão 1.0.5
                         Navegador C6 Bank
                         Notepad++ (64-bit x64)
                         OpenVPN Connect
                         PDF24 Creator
                         PDFtk Server version 2.02
                         PowerShell 7-x64
                         Realtek High Definition Audio Driver
                         Rugido - Lucas Felix
                         TeamViewer 13
                         VLC media player
                         WinFsp installed by Bitvise SSH Client (remove only)
                         YouTube
                         Zoom Workplace


====================================================================================================================================

Resumo da Manutenção Automatizada

- Coleta do Inventário de Hardware e Software  -> OK (Tempo: 00 min 01 seg)

Arquivo de log: D:\Meus Documentos\OneDrive\Documentos\GitHub\Guardian360\Logs\2026\01. JANEIRO\IT4YOU-PC06_20260112_071334.log

====================================================================================================================================
